<?xml version="1.0" encoding="UTF-8"?>
<testng-results ignored="0" total="1" passed="1" failed="0" skipped="0">
  <reporter-output>
  </reporter-output>
  <suite started-at="2023-06-18T12:50:10 EDT" name="Default suite" finished-at="2023-06-18T12:50:55 EDT" duration-ms="45335">
    <groups>
    </groups>
    <test started-at="2023-06-18T12:50:10 EDT" name="Default test" finished-at="2023-06-18T12:50:55 EDT" duration-ms="45335">
      <class name="com.asha.AutomationFrameworkLearning.YourStoreTest">
        <test-method is-config="true" signature="setUp()[pri:0, instance:com.asha.AutomationFrameworkLearning.YourStoreTest@1b6e1eff]" started-at="2023-06-18T12:50:10 EDT" name="setUp" finished-at="2023-06-18T12:50:16 EDT" duration-ms="5918" status="PASS">
          <reporter-output>
          </reporter-output>
        </test-method> <!-- setUp -->
        <test-method signature="validateSuccessShopping()[pri:0, instance:com.asha.AutomationFrameworkLearning.YourStoreTest@1b6e1eff]" started-at="2023-06-18T12:50:16 EDT" name="validateSuccessShopping" finished-at="2023-06-18T12:50:55 EDT" duration-ms="39278" status="PASS">
          <reporter-output>
          </reporter-output>
        </test-method> <!-- validateSuccessShopping -->
        <test-method is-config="true" signature="quit()[pri:0, instance:com.asha.AutomationFrameworkLearning.YourStoreTest@1b6e1eff]" started-at="2023-06-18T12:50:55 EDT" name="quit" finished-at="2023-06-18T12:50:55 EDT" duration-ms="116" status="PASS">
          <reporter-output>
          </reporter-output>
        </test-method> <!-- quit -->
      </class> <!-- com.asha.AutomationFrameworkLearning.YourStoreTest -->
    </test> <!-- Default test -->
  </suite> <!-- Default suite -->
</testng-results>
